mode: set
project_uas/main.go:17.13,27.16 5 0
project_uas/main.go:27.16,29.3 1 0
project_uas/main.go:32.2,52.53 14 0
project_uas/main.go:52.53,57.4 1 0
project_uas/main.go:61.2,68.40 4 0
project_uas/main.go:68.40,73.3 1 0
project_uas/main.go:76.2,85.16 8 0
project_uas/main.go:85.16,87.3 1 0
project_uas/main.go:89.2,90.35 2 0
project_uas/app/repository/achievement_repository.go:42.92,47.2 1 0
project_uas/app/repository/achievement_repository.go:54.88,77.2 6 0
project_uas/app/repository/achievement_repository.go:80.88,98.2 4 0
project_uas/app/repository/achievement_repository.go:101.98,120.16 4 0
project_uas/app/repository/achievement_repository.go:120.16,122.3 1 0
project_uas/app/repository/achievement_repository.go:123.2,123.17 1 0
project_uas/app/repository/achievement_repository.go:127.108,146.16 4 0
project_uas/app/repository/achievement_repository.go:146.16,148.3 1 0
project_uas/app/repository/achievement_repository.go:149.2,149.17 1 0
project_uas/app/repository/achievement_repository.go:153.148,158.18 4 0
project_uas/app/repository/achievement_repository.go:158.18,167.3 2 0
project_uas/app/repository/achievement_repository.go:167.8,176.3 2 0
project_uas/app/repository/achievement_repository.go:178.2,178.16 1 0
project_uas/app/repository/achievement_repository.go:178.16,180.3 1 0
project_uas/app/repository/achievement_repository.go:181.2,183.31 2 0
project_uas/app/repository/achievement_repository.go:187.106,191.18 3 0
project_uas/app/repository/achievement_repository.go:191.18,195.3 3 0
project_uas/app/repository/achievement_repository.go:197.2,199.19 3 0
project_uas/app/repository/achievement_repository.go:203.148,208.18 4 0
project_uas/app/repository/achievement_repository.go:208.18,218.3 2 0
project_uas/app/repository/achievement_repository.go:218.8,228.3 2 0
project_uas/app/repository/achievement_repository.go:230.2,230.16 1 0
project_uas/app/repository/achievement_repository.go:230.16,232.3 1 0
project_uas/app/repository/achievement_repository.go:233.2,235.31 2 0
project_uas/app/repository/achievement_repository.go:239.106,243.18 3 0
project_uas/app/repository/achievement_repository.go:243.18,252.3 3 0
project_uas/app/repository/achievement_repository.go:254.2,261.19 3 0
project_uas/app/repository/achievement_repository.go:265.122,270.18 4 0
project_uas/app/repository/achievement_repository.go:270.18,279.3 2 0
project_uas/app/repository/achievement_repository.go:279.8,288.3 2 0
project_uas/app/repository/achievement_repository.go:290.2,290.16 1 0
project_uas/app/repository/achievement_repository.go:290.16,292.3 1 0
project_uas/app/repository/achievement_repository.go:293.2,295.31 2 0
project_uas/app/repository/achievement_repository.go:299.80,303.18 3 0
project_uas/app/repository/achievement_repository.go:303.18,307.3 3 0
project_uas/app/repository/achievement_repository.go:309.2,311.19 3 0
project_uas/app/repository/achievement_repository.go:315.102,317.18 2 0
project_uas/app/repository/achievement_repository.go:317.18,331.17 3 0
project_uas/app/repository/achievement_repository.go:331.17,332.12 1 0
project_uas/app/repository/achievement_repository.go:334.3,334.27 1 0
project_uas/app/repository/achievement_repository.go:336.2,336.18 1 0
project_uas/app/repository/achievement_repository.go:344.99,353.16 7 0
project_uas/app/repository/achievement_repository.go:353.16,355.3 1 0
project_uas/app/repository/achievement_repository.go:358.2,359.28 2 0
project_uas/app/repository/achievement_repository.go:363.100,369.16 5 0
project_uas/app/repository/achievement_repository.go:369.16,371.3 1 0
project_uas/app/repository/achievement_repository.go:373.2,379.12 5 0
project_uas/app/repository/achievement_repository.go:383.91,389.16 5 0
project_uas/app/repository/achievement_repository.go:389.16,391.3 1 0
project_uas/app/repository/achievement_repository.go:393.2,396.16 4 0
project_uas/app/repository/achievement_repository.go:396.16,398.3 1 0
project_uas/app/repository/achievement_repository.go:400.2,400.26 1 0
project_uas/app/repository/achievement_repository.go:404.68,410.16 5 0
project_uas/app/repository/achievement_repository.go:410.16,412.3 1 0
project_uas/app/repository/achievement_repository.go:414.2,416.12 3 0
project_uas/app/repository/achievement_repository.go:420.104,426.16 5 0
project_uas/app/repository/achievement_repository.go:426.16,428.3 1 0
project_uas/app/repository/achievement_repository.go:430.2,439.12 5 0
project_uas/app/repository/lecturer_repository.go:24.59,26.2 1 0
project_uas/app/repository/lecturer_repository.go:29.69,47.2 5 0
project_uas/app/repository/lecturer_repository.go:50.83,64.16 4 0
project_uas/app/repository/lecturer_repository.go:64.16,66.3 1 0
project_uas/app/repository/lecturer_repository.go:68.2,69.22 2 0
project_uas/app/repository/lecturer_repository.go:73.75,76.2 1 0
project_uas/app/repository/lecturer_repository.go:79.91,92.16 4 0
project_uas/app/repository/lecturer_repository.go:92.16,94.3 1 0
project_uas/app/repository/lecturer_repository.go:95.2,96.22 2 0
project_uas/app/repository/lecturer_repository.go:100.69,108.2 3 0
project_uas/app/repository/lecturer_repository.go:111.54,115.2 3 0
project_uas/app/repository/lecturer_repository.go:118.82,126.16 3 0
project_uas/app/repository/lecturer_repository.go:126.16,128.3 1 0
project_uas/app/repository/lecturer_repository.go:129.2,132.18 3 0
project_uas/app/repository/lecturer_repository.go:132.18,140.17 3 0
project_uas/app/repository/lecturer_repository.go:140.17,141.12 1 0
project_uas/app/repository/lecturer_repository.go:143.3,144.35 2 0
project_uas/app/repository/lecturer_repository.go:146.2,146.23 1 0
project_uas/app/repository/lecturer_repository.go:150.54,155.2 4 0
project_uas/app/repository/permission_repository.go:15.63,17.2 1 0
project_uas/app/repository/permission_repository.go:19.88,28.16 3 0
project_uas/app/repository/permission_repository.go:28.16,30.3 1 0
project_uas/app/repository/permission_repository.go:31.2,34.18 3 0
project_uas/app/repository/permission_repository.go:34.18,36.42 2 0
project_uas/app/repository/permission_repository.go:36.42,38.4 1 0
project_uas/app/repository/permission_repository.go:39.3,39.42 1 0
project_uas/app/repository/permission_repository.go:42.2,42.25 1 0
project_uas/app/repository/role_repository.go:17.51,19.2 1 0
project_uas/app/repository/role_repository.go:22.70,26.16 4 0
project_uas/app/repository/role_repository.go:26.16,28.3 1 0
project_uas/app/repository/role_repository.go:29.2,29.18 1 0
project_uas/app/repository/role_repository.go:33.74,37.16 4 0
project_uas/app/repository/role_repository.go:37.16,39.3 1 0
project_uas/app/repository/role_repository.go:40.2,40.18 1 0
project_uas/app/repository/student_repository.go:26.57,28.2 1 0
project_uas/app/repository/student_repository.go:32.66,39.32 4 0
project_uas/app/repository/student_repository.go:39.32,41.3 1 0
project_uas/app/repository/student_repository.go:43.2,55.12 3 0
project_uas/app/repository/student_repository.go:59.81,77.16 5 0
project_uas/app/repository/student_repository.go:77.16,79.3 1 0
project_uas/app/repository/student_repository.go:81.2,83.21 3 0
project_uas/app/repository/student_repository.go:87.73,105.16 5 0
project_uas/app/repository/student_repository.go:105.16,107.3 1 0
project_uas/app/repository/student_repository.go:109.2,111.21 3 0
project_uas/app/repository/student_repository.go:115.87,133.16 5 0
project_uas/app/repository/student_repository.go:133.16,135.3 1 0
project_uas/app/repository/student_repository.go:137.2,139.21 3 0
project_uas/app/repository/student_repository.go:143.66,159.2 5 0
project_uas/app/repository/student_repository.go:162.53,166.2 3 0
project_uas/app/repository/student_repository.go:169.82,177.2 3 0
project_uas/app/repository/student_repository.go:180.80,188.16 3 0
project_uas/app/repository/student_repository.go:188.16,190.3 1 0
project_uas/app/repository/student_repository.go:191.2,194.18 3 0
project_uas/app/repository/student_repository.go:194.18,206.17 4 0
project_uas/app/repository/student_repository.go:206.17,207.12 1 0
project_uas/app/repository/student_repository.go:210.3,212.33 3 0
project_uas/app/repository/student_repository.go:214.2,214.22 1 0
project_uas/app/repository/student_repository.go:218.53,223.2 4 0
project_uas/app/repository/user_repository.go:32.51,34.2 1 0
project_uas/app/repository/user_repository.go:40.79,58.16 4 0
project_uas/app/repository/user_repository.go:58.16,60.3 1 0
project_uas/app/repository/user_repository.go:61.2,61.19 1 0
project_uas/app/repository/user_repository.go:64.67,82.16 4 0
project_uas/app/repository/user_repository.go:82.16,84.3 1 0
project_uas/app/repository/user_repository.go:85.2,85.19 1 0
project_uas/app/repository/user_repository.go:88.69,91.16 3 0
project_uas/app/repository/user_repository.go:91.16,93.3 1 0
project_uas/app/repository/user_repository.go:94.2,94.18 1 0
project_uas/app/repository/user_repository.go:97.72,99.16 2 0
project_uas/app/repository/user_repository.go:99.16,101.3 1 0
project_uas/app/repository/user_repository.go:102.2,105.18 3 0
project_uas/app/repository/user_repository.go:105.18,109.3 3 0
project_uas/app/repository/user_repository.go:110.2,110.25 1 0
project_uas/app/repository/user_repository.go:118.57,139.2 6 0
project_uas/app/repository/user_repository.go:142.57,158.2 4 0
project_uas/app/repository/user_repository.go:161.50,165.2 3 0
project_uas/app/repository/user_repository.go:168.73,186.16 4 0
project_uas/app/repository/user_repository.go:186.16,188.3 1 0
project_uas/app/repository/user_repository.go:189.2,189.18 1 0
project_uas/app/repository/user_repository.go:193.91,198.20 4 0
project_uas/app/repository/user_repository.go:198.20,208.3 2 0
project_uas/app/repository/user_repository.go:208.8,216.3 2 0
project_uas/app/repository/user_repository.go:218.2,218.16 1 0
project_uas/app/repository/user_repository.go:218.16,220.3 1 0
project_uas/app/repository/user_repository.go:221.2,224.18 3 0
project_uas/app/repository/user_repository.go:224.18,237.17 3 0
project_uas/app/repository/user_repository.go:237.17,238.12 1 0
project_uas/app/repository/user_repository.go:240.3,240.27 1 0
project_uas/app/repository/user_repository.go:242.2,242.19 1 0
project_uas/app/repository/user_repository.go:246.65,250.20 3 0
project_uas/app/repository/user_repository.go:250.20,259.3 3 0
project_uas/app/repository/user_repository.go:261.2,263.19 3 0
project_uas/app/repository/user_repository.go:267.73,275.2 3 0
project_uas/cmd/seed/main.go:9.13,16.16 4 0
project_uas/cmd/seed/main.go:16.16,18.3 1 0
project_uas/cmd/seed/main.go:21.2,22.51 2 0
project_uas/cmd/seed/main.go:22.51,24.3 1 0
project_uas/cmd/seed/main.go:26.2,26.51 1 0
project_uas/config/app.go:5.28,7.2 1 0
project_uas/config/env.go:12.16,14.16 2 0
project_uas/config/env.go:14.16,16.3 1 0
project_uas/config/env.go:18.2,26.58 2 0
project_uas/config/env.go:30.46,32.17 2 0
project_uas/config/env.go:32.17,34.3 1 0
project_uas/config/env.go:35.2,35.14 1 0
project_uas/database/database.go:13.24,15.16 2 0
project_uas/database/database.go:15.16,17.3 1 0
project_uas/database/database.go:19.2,20.35 2 0
project_uas/database/migration.go:9.38,94.39 3 0
project_uas/database/migration.go:94.39,95.47 1 0
project_uas/database/migration.go:95.47,98.4 2 0
project_uas/database/migration.go:99.3,99.48 1 0
project_uas/database/migration.go:102.2,103.12 2 0
project_uas/database/migration.go:107.35,120.29 3 0
project_uas/database/migration.go:120.29,121.42 1 0
project_uas/database/migration.go:121.42,124.4 2 0
project_uas/database/migration.go:127.2,128.12 2 0
project_uas/database/mongo.go:15.23,21.16 5 0
project_uas/database/mongo.go:21.16,23.3 1 0
project_uas/database/mongo.go:26.2,27.16 2 0
project_uas/database/mongo.go:27.16,29.3 1 0
project_uas/database/mongo.go:31.2,32.47 2 0
project_uas/database/seeder.go:9.35,12.38 2 0
project_uas/database/seeder.go:12.38,14.3 1 0
project_uas/database/seeder.go:16.2,16.44 1 0
project_uas/database/seeder.go:16.44,18.3 1 0
project_uas/database/seeder.go:20.2,20.48 1 0
project_uas/database/seeder.go:20.48,22.3 1 0
project_uas/database/seeder.go:24.2,24.38 1 0
project_uas/database/seeder.go:24.38,26.3 1 0
project_uas/database/seeder.go:28.2,29.12 2 0
project_uas/database/seeder.go:32.34,44.29 3 0
project_uas/database/seeder.go:44.29,51.17 2 0
project_uas/database/seeder.go:51.17,54.4 2 0
project_uas/database/seeder.go:57.2,58.12 2 0
project_uas/database/seeder.go:61.40,79.35 3 0
project_uas/database/seeder.go:79.35,86.17 2 0
project_uas/database/seeder.go:86.17,89.4 2 0
project_uas/database/seeder.go:92.2,93.12 2 0
project_uas/database/seeder.go:96.44,127.47 6 0
project_uas/database/seeder.go:127.47,128.34 1 0
project_uas/database/seeder.go:128.34,137.18 2 0
project_uas/database/seeder.go:137.18,140.5 2 0
project_uas/database/seeder.go:144.2,145.12 2 0
project_uas/database/seeder.go:148.34,152.16 3 0
project_uas/database/seeder.go:152.16,155.3 2 0
project_uas/database/seeder.go:157.2,172.29 2 0
project_uas/database/seeder.go:172.29,181.17 2 0
project_uas/database/seeder.go:181.17,184.4 2 0
project_uas/database/seeder.go:187.2,188.12 2 0
project_uas/test/mocks/mock_repositories.go:14.92,17.2 2 0
project_uas/test/mocks/mock_repositories.go:19.92,22.2 2 0
project_uas/test/mocks/mock_repositories.go:24.102,26.24 2 0
project_uas/test/mocks/mock_repositories.go:26.24,28.3 1 0
project_uas/test/mocks/mock_repositories.go:29.2,29.65 1 0
project_uas/test/mocks/mock_repositories.go:32.112,34.24 2 0
project_uas/test/mocks/mock_repositories.go:34.24,36.3 1 0
project_uas/test/mocks/mock_repositories.go:37.2,37.65 1 0
project_uas/test/mocks/mock_repositories.go:40.152,42.24 2 0
project_uas/test/mocks/mock_repositories.go:42.24,44.3 1 0
project_uas/test/mocks/mock_repositories.go:45.2,45.66 1 0
project_uas/test/mocks/mock_repositories.go:48.110,51.2 2 0
project_uas/test/mocks/mock_repositories.go:53.152,55.24 2 0
project_uas/test/mocks/mock_repositories.go:55.24,57.3 1 0
project_uas/test/mocks/mock_repositories.go:58.2,58.66 1 0
project_uas/test/mocks/mock_repositories.go:61.110,64.2 2 0
project_uas/test/mocks/mock_repositories.go:66.126,68.24 2 0
project_uas/test/mocks/mock_repositories.go:68.24,70.3 1 0
project_uas/test/mocks/mock_repositories.go:71.2,71.66 1 0
project_uas/test/mocks/mock_repositories.go:74.84,77.2 2 0
project_uas/test/mocks/mock_repositories.go:79.103,82.2 2 0
project_uas/test/mocks/mock_repositories.go:84.104,87.2 2 0
project_uas/test/mocks/mock_repositories.go:89.95,91.24 2 0
project_uas/test/mocks/mock_repositories.go:91.24,93.3 1 0
project_uas/test/mocks/mock_repositories.go:94.2,94.56 1 0
project_uas/test/mocks/mock_repositories.go:97.72,100.2 2 0
project_uas/test/mocks/mock_repositories.go:102.108,105.2 2 0
project_uas/test/mocks/mock_repositories.go:113.85,115.24 2 0
project_uas/test/mocks/mock_repositories.go:115.24,117.3 1 0
project_uas/test/mocks/mock_repositories.go:118.2,118.52 1 0
project_uas/test/mocks/mock_repositories.go:121.77,123.24 2 0
project_uas/test/mocks/mock_repositories.go:123.24,125.3 1 0
project_uas/test/mocks/mock_repositories.go:126.2,126.52 1 0
project_uas/test/mocks/mock_repositories.go:129.91,131.24 2 0
project_uas/test/mocks/mock_repositories.go:131.24,133.3 1 0
project_uas/test/mocks/mock_repositories.go:134.2,134.52 1 0
project_uas/test/mocks/mock_repositories.go:137.70,140.2 2 0
project_uas/test/mocks/mock_repositories.go:142.70,145.2 2 0
project_uas/test/mocks/mock_repositories.go:147.57,150.2 2 0
project_uas/test/mocks/mock_repositories.go:152.86,155.2 2 0
project_uas/test/mocks/mock_repositories.go:157.84,159.24 2 0
project_uas/test/mocks/mock_repositories.go:159.24,161.3 1 0
project_uas/test/mocks/mock_repositories.go:162.2,162.53 1 0
project_uas/test/mocks/mock_repositories.go:165.57,168.2 2 0
project_uas/test/mocks/mock_repositories.go:176.87,178.24 2 0
project_uas/test/mocks/mock_repositories.go:178.24,180.3 1 0
project_uas/test/mocks/mock_repositories.go:181.2,181.53 1 0
project_uas/test/mocks/mock_repositories.go:184.79,186.24 2 0
project_uas/test/mocks/mock_repositories.go:186.24,188.3 1 0
project_uas/test/mocks/mock_repositories.go:189.2,189.53 1 0
project_uas/test/mocks/mock_repositories.go:192.95,194.24 2 0
project_uas/test/mocks/mock_repositories.go:194.24,196.3 1 0
project_uas/test/mocks/mock_repositories.go:197.2,197.53 1 0
project_uas/test/mocks/mock_repositories.go:200.73,203.2 2 0
project_uas/test/mocks/mock_repositories.go:205.73,208.2 2 0
project_uas/test/mocks/mock_repositories.go:210.58,213.2 2 0
project_uas/test/mocks/mock_repositories.go:215.86,217.24 2 0
project_uas/test/mocks/mock_repositories.go:217.24,219.3 1 0
project_uas/test/mocks/mock_repositories.go:220.2,220.54 1 0
project_uas/test/mocks/mock_repositories.go:223.58,226.2 2 0
project_uas/test/mocks/mock_repositories.go:234.71,236.24 2 0
project_uas/test/mocks/mock_repositories.go:236.24,238.3 1 0
project_uas/test/mocks/mock_repositories.go:239.2,239.49 1 0
project_uas/test/mocks/mock_repositories.go:242.83,244.24 2 0
project_uas/test/mocks/mock_repositories.go:244.24,246.3 1 0
project_uas/test/mocks/mock_repositories.go:247.2,247.49 1 0
project_uas/test/mocks/mock_repositories.go:250.77,252.24 2 0
project_uas/test/mocks/mock_repositories.go:252.24,254.3 1 0
project_uas/test/mocks/mock_repositories.go:255.2,255.49 1 0
project_uas/test/mocks/mock_repositories.go:258.61,261.2 2 0
project_uas/test/mocks/mock_repositories.go:263.61,266.2 2 0
project_uas/test/mocks/mock_repositories.go:268.54,271.2 2 0
project_uas/test/mocks/mock_repositories.go:273.95,275.24 2 0
project_uas/test/mocks/mock_repositories.go:275.24,277.3 1 0
project_uas/test/mocks/mock_repositories.go:278.2,278.50 1 0
project_uas/test/mocks/mock_repositories.go:281.69,284.2 2 0
project_uas/test/mocks/mock_repositories.go:286.73,289.2 2 0
project_uas/test/mocks/mock_repositories.go:291.76,293.24 2 0
project_uas/test/mocks/mock_repositories.go:293.24,295.3 1 0
project_uas/test/mocks/mock_repositories.go:296.2,296.46 1 0
project_uas/test/mocks/mock_repositories.go:299.77,302.2 2 0
project_uas/test/mocks/mock_repositories.go:310.74,312.24 2 0
project_uas/test/mocks/mock_repositories.go:312.24,314.3 1 0
project_uas/test/mocks/mock_repositories.go:315.2,315.49 1 0
project_uas/test/mocks/mock_repositories.go:318.78,320.24 2 0
project_uas/test/mocks/mock_repositories.go:320.24,322.3 1 0
project_uas/test/mocks/mock_repositories.go:323.2,323.49 1 0
project_uas/test/mocks/mock_repositories.go:332.92,334.24 2 0
project_uas/test/mocks/mock_repositories.go:334.24,336.3 1 0
project_uas/test/mocks/mock_repositories.go:337.2,337.46 1 0
project_uas/utils/jwt.go:14.16,16.2 1 0
project_uas/utils/jwt.go:18.59,32.2 3 0
project_uas/utils/jwt.go:34.58,45.2 3 0
project_uas/utils/jwt.go:47.63,51.94 2 0
project_uas/utils/jwt.go:51.94,53.3 1 0
project_uas/utils/jwt.go:55.2,55.32 1 0
project_uas/utils/jwt.go:55.32,57.3 1 0
project_uas/utils/jwt.go:59.2,59.20 1 0
project_uas/utils/password.go:5.52,8.2 2 0
project_uas/utils/password.go:10.52,12.2 1 0
project_uas/routes/routes.go:14.67,24.2 6 0
project_uas/routes/routes.go:30.67,43.2 9 0
project_uas/routes/routes.go:48.76,73.2 6 0
project_uas/routes/routes.go:79.79,92.2 4 0
project_uas/routes/routes.go:97.88,165.2 12 0
project_uas/routes/routes.go:169.73,184.2 4 0
project_uas/cmd/migrate/run_migration.go:9.13,16.16 4 0
project_uas/cmd/migrate/run_migration.go:16.16,18.3 1 0
project_uas/cmd/migrate/run_migration.go:21.2,22.51 2 0
project_uas/cmd/migrate/run_migration.go:22.51,24.3 1 0
project_uas/cmd/migrate/run_migration.go:26.2,27.54 2 0
project_uas/cmd/migrate/run_migration.go:27.54,29.3 1 0
project_uas/cmd/migrate/run_migration.go:31.2,31.54 1 0
project_uas/middleware/auth_middleware.go:10.39,12.22 2 0
project_uas/middleware/auth_middleware.go:12.22,14.3 1 0
project_uas/middleware/auth_middleware.go:16.2,19.16 3 0
project_uas/middleware/auth_middleware.go:19.16,21.3 1 0
project_uas/middleware/auth_middleware.go:24.2,29.17 3 0
project_uas/middleware/auth_middleware.go:32.65,33.34 1 0
project_uas/middleware/auth_middleware.go:33.34,35.10 2 0
project_uas/middleware/auth_middleware.go:35.10,40.4 1 0
project_uas/middleware/auth_middleware.go:42.3,42.36 1 0
project_uas/middleware/auth_middleware.go:42.36,43.34 1 0
project_uas/middleware/auth_middleware.go:43.34,45.5 1 0
project_uas/middleware/auth_middleware.go:48.3,51.5 1 0
project_uas/app/service/achievement_service.go:32.23,40.2 1 1
project_uas/app/service/achievement_service.go:47.68,50.9 2 1
project_uas/app/service/achievement_service.go:50.9,55.3 1 1
project_uas/app/service/achievement_service.go:58.2,59.42 2 1
project_uas/app/service/achievement_service.go:59.42,64.3 1 0
project_uas/app/service/achievement_service.go:67.2,67.47 1 1
project_uas/app/service/achievement_service.go:67.47,72.3 1 0
project_uas/app/service/achievement_service.go:75.2,76.16 2 1
project_uas/app/service/achievement_service.go:76.16,81.3 1 1
project_uas/app/service/achievement_service.go:84.2,96.16 3 1
project_uas/app/service/achievement_service.go:96.16,101.3 1 0
project_uas/app/service/achievement_service.go:104.2,110.69 2 1
project_uas/app/service/achievement_service.go:110.69,117.3 2 0
project_uas/app/service/achievement_service.go:120.2,126.4 2 1
project_uas/app/service/achievement_service.go:134.72,139.9 3 0
project_uas/app/service/achievement_service.go:139.9,144.3 1 0
project_uas/app/service/achievement_service.go:147.2,148.16 2 0
project_uas/app/service/achievement_service.go:148.16,153.3 1 0
project_uas/app/service/achievement_service.go:156.2,156.32 1 0
project_uas/app/service/achievement_service.go:156.32,158.58 2 0
project_uas/app/service/achievement_service.go:158.58,163.4 1 0
project_uas/app/service/achievement_service.go:164.8,164.40 1 0
project_uas/app/service/achievement_service.go:164.40,167.105 3 0
project_uas/app/service/achievement_service.go:167.105,172.4 1 0
project_uas/app/service/achievement_service.go:177.2,186.4 2 0
project_uas/app/service/achievement_service.go:202.108,214.34 3 0
project_uas/app/service/achievement_service.go:214.34,221.3 1 0
project_uas/app/service/achievement_service.go:224.2,224.67 1 0
project_uas/app/service/achievement_service.go:224.67,228.34 3 0
project_uas/app/service/achievement_service.go:228.34,231.18 2 0
project_uas/app/service/achievement_service.go:231.18,234.5 2 0
project_uas/app/service/achievement_service.go:237.3,244.5 1 0
project_uas/app/service/achievement_service.go:248.2,248.36 1 0
project_uas/app/service/achievement_service.go:248.36,252.34 3 0
project_uas/app/service/achievement_service.go:252.34,255.18 2 0
project_uas/app/service/achievement_service.go:255.18,258.5 2 0
project_uas/app/service/achievement_service.go:261.3,268.5 1 0
project_uas/app/service/achievement_service.go:272.2,272.35 1 0
project_uas/app/service/achievement_service.go:272.35,279.3 1 0
project_uas/app/service/achievement_service.go:281.2,281.16 1 0
project_uas/app/service/achievement_service.go:293.66,296.9 2 0
project_uas/app/service/achievement_service.go:296.9,301.3 1 0
project_uas/app/service/achievement_service.go:304.2,308.14 4 0
project_uas/app/service/achievement_service.go:308.14,310.3 1 0
project_uas/app/service/achievement_service.go:311.2,311.36 1 0
project_uas/app/service/achievement_service.go:311.36,313.3 1 0
project_uas/app/service/achievement_service.go:315.2,322.32 5 0
project_uas/app/service/achievement_service.go:322.32,325.17 2 0
project_uas/app/service/achievement_service.go:325.17,330.4 1 0
project_uas/app/service/achievement_service.go:332.3,333.17 2 0
project_uas/app/service/achievement_service.go:333.17,338.4 1 0
project_uas/app/service/achievement_service.go:340.3,341.17 2 0
project_uas/app/service/achievement_service.go:341.17,346.4 1 0
project_uas/app/service/achievement_service.go:348.8,348.40 1 0
project_uas/app/service/achievement_service.go:348.40,351.17 2 0
project_uas/app/service/achievement_service.go:351.17,356.4 1 0
project_uas/app/service/achievement_service.go:358.3,359.17 2 0
project_uas/app/service/achievement_service.go:359.17,364.4 1 0
project_uas/app/service/achievement_service.go:366.3,367.17 2 0
project_uas/app/service/achievement_service.go:367.17,372.4 1 0
project_uas/app/service/achievement_service.go:374.8,374.35 1 0
project_uas/app/service/achievement_service.go:374.35,377.17 2 0
project_uas/app/service/achievement_service.go:377.17,382.4 1 0
project_uas/app/service/achievement_service.go:384.3,385.17 2 0
project_uas/app/service/achievement_service.go:385.17,390.4 1 0
project_uas/app/service/achievement_service.go:391.8,396.3 1 0
project_uas/app/service/achievement_service.go:399.2,400.33 2 0
project_uas/app/service/achievement_service.go:400.33,402.17 2 0
project_uas/app/service/achievement_service.go:402.17,403.12 1 0
project_uas/app/service/achievement_service.go:406.3,407.49 2 0
project_uas/app/service/achievement_service.go:410.2,423.4 3 0
project_uas/app/service/achievement_service.go:430.69,435.9 3 0
project_uas/app/service/achievement_service.go:435.9,440.3 1 0
project_uas/app/service/achievement_service.go:443.2,444.16 2 0
project_uas/app/service/achievement_service.go:444.16,449.3 1 0
project_uas/app/service/achievement_service.go:452.2,452.32 1 0
project_uas/app/service/achievement_service.go:452.32,454.58 2 0
project_uas/app/service/achievement_service.go:454.58,459.4 1 0
project_uas/app/service/achievement_service.go:460.8,460.40 1 0
project_uas/app/service/achievement_service.go:460.40,463.105 3 0
project_uas/app/service/achievement_service.go:463.105,468.4 1 0
project_uas/app/service/achievement_service.go:473.2,474.16 2 0
project_uas/app/service/achievement_service.go:474.16,479.3 1 0
project_uas/app/service/achievement_service.go:481.2,486.4 2 0
project_uas/app/service/achievement_service.go:494.68,499.9 3 1
project_uas/app/service/achievement_service.go:499.9,504.3 1 0
project_uas/app/service/achievement_service.go:507.2,508.16 2 1
project_uas/app/service/achievement_service.go:508.16,513.3 1 0
project_uas/app/service/achievement_service.go:516.2,517.57 2 1
project_uas/app/service/achievement_service.go:517.57,522.3 1 0
project_uas/app/service/achievement_service.go:525.2,525.33 1 1
project_uas/app/service/achievement_service.go:525.33,530.3 1 0
project_uas/app/service/achievement_service.go:533.2,534.42 2 1
project_uas/app/service/achievement_service.go:534.42,539.3 1 0
project_uas/app/service/achievement_service.go:542.2,543.16 2 1
project_uas/app/service/achievement_service.go:543.16,548.3 1 0
project_uas/app/service/achievement_service.go:551.2,551.31 1 1
project_uas/app/service/achievement_service.go:551.31,553.3 1 0
project_uas/app/service/achievement_service.go:554.2,554.21 1 1
project_uas/app/service/achievement_service.go:554.21,556.3 1 1
project_uas/app/service/achievement_service.go:557.2,557.27 1 1
project_uas/app/service/achievement_service.go:557.27,559.3 1 1
project_uas/app/service/achievement_service.go:560.2,560.24 1 1
project_uas/app/service/achievement_service.go:560.24,562.3 1 0
project_uas/app/service/achievement_service.go:563.2,563.21 1 1
project_uas/app/service/achievement_service.go:563.21,565.3 1 0
project_uas/app/service/achievement_service.go:566.2,566.20 1 1
project_uas/app/service/achievement_service.go:566.20,568.3 1 0
project_uas/app/service/achievement_service.go:571.2,571.103 1 1
project_uas/app/service/achievement_service.go:571.103,576.3 1 0
project_uas/app/service/achievement_service.go:578.2,584.4 2 1
project_uas/app/service/achievement_service.go:596.68,601.9 3 1
project_uas/app/service/achievement_service.go:601.9,606.3 1 0
project_uas/app/service/achievement_service.go:609.2,610.16 2 1
project_uas/app/service/achievement_service.go:610.16,615.3 1 0
project_uas/app/service/achievement_service.go:618.2,619.57 2 1
project_uas/app/service/achievement_service.go:619.57,624.3 1 1
project_uas/app/service/achievement_service.go:627.2,627.33 1 1
project_uas/app/service/achievement_service.go:627.33,632.3 1 1
project_uas/app/service/achievement_service.go:636.2,636.90 1 1
project_uas/app/service/achievement_service.go:636.90,641.3 1 0
project_uas/app/service/achievement_service.go:644.2,645.69 2 1
project_uas/app/service/achievement_service.go:645.69,650.3 1 0
project_uas/app/service/achievement_service.go:653.2,656.4 1 1
project_uas/app/service/achievement_service.go:664.72,669.9 3 1
project_uas/app/service/achievement_service.go:669.9,674.3 1 0
project_uas/app/service/achievement_service.go:677.2,678.16 2 1
project_uas/app/service/achievement_service.go:678.16,683.3 1 0
project_uas/app/service/achievement_service.go:686.2,687.57 2 1
project_uas/app/service/achievement_service.go:687.57,692.3 1 0
project_uas/app/service/achievement_service.go:695.2,695.33 1 1
project_uas/app/service/achievement_service.go:695.33,700.3 1 1
project_uas/app/service/achievement_service.go:703.2,707.69 4 1
project_uas/app/service/achievement_service.go:707.69,712.3 1 0
project_uas/app/service/achievement_service.go:714.2,721.4 1 1
project_uas/app/service/achievement_service.go:729.68,734.9 3 1
project_uas/app/service/achievement_service.go:734.9,739.3 1 0
project_uas/app/service/achievement_service.go:742.2,743.16 2 1
project_uas/app/service/achievement_service.go:743.16,748.3 1 0
project_uas/app/service/achievement_service.go:751.2,754.104 3 1
project_uas/app/service/achievement_service.go:754.104,759.3 1 1
project_uas/app/service/achievement_service.go:762.2,762.37 1 1
project_uas/app/service/achievement_service.go:762.37,767.3 1 1
project_uas/app/service/achievement_service.go:770.2,775.69 5 1
project_uas/app/service/achievement_service.go:775.69,780.3 1 0
project_uas/app/service/achievement_service.go:782.2,790.4 1 1
project_uas/app/service/achievement_service.go:798.68,803.9 3 1
project_uas/app/service/achievement_service.go:803.9,808.3 1 0
project_uas/app/service/achievement_service.go:811.2,812.42 2 1
project_uas/app/service/achievement_service.go:812.42,817.3 1 0
project_uas/app/service/achievement_service.go:820.2,820.47 1 1
project_uas/app/service/achievement_service.go:820.47,825.3 1 0
project_uas/app/service/achievement_service.go:828.2,829.16 2 1
project_uas/app/service/achievement_service.go:829.16,834.3 1 0
project_uas/app/service/achievement_service.go:837.2,840.104 3 1
project_uas/app/service/achievement_service.go:840.104,845.3 1 0
project_uas/app/service/achievement_service.go:848.2,848.37 1 1
project_uas/app/service/achievement_service.go:848.37,853.3 1 0
project_uas/app/service/achievement_service.go:856.2,859.69 3 1
project_uas/app/service/achievement_service.go:859.69,864.3 1 0
project_uas/app/service/achievement_service.go:866.2,873.4 1 1
project_uas/app/service/achievement_service.go:883.67,888.9 3 0
project_uas/app/service/achievement_service.go:888.9,893.3 1 0
project_uas/app/service/achievement_service.go:896.2,897.16 2 0
project_uas/app/service/achievement_service.go:897.16,902.3 1 0
project_uas/app/service/achievement_service.go:905.2,906.57 2 0
project_uas/app/service/achievement_service.go:906.57,911.3 1 0
project_uas/app/service/achievement_service.go:914.2,914.68 1 0
project_uas/app/service/achievement_service.go:914.68,919.3 1 0
project_uas/app/service/achievement_service.go:922.2,923.16 2 0
project_uas/app/service/achievement_service.go:923.16,928.3 1 0
project_uas/app/service/achievement_service.go:931.2,932.25 2 0
project_uas/app/service/achievement_service.go:932.25,937.3 1 0
project_uas/app/service/achievement_service.go:940.2,949.16 3 0
project_uas/app/service/achievement_service.go:949.16,954.3 1 0
project_uas/app/service/achievement_service.go:955.2,960.16 4 0
project_uas/app/service/achievement_service.go:960.16,965.3 1 0
project_uas/app/service/achievement_service.go:968.2,969.32 2 0
project_uas/app/service/achievement_service.go:969.32,974.3 1 0
project_uas/app/service/achievement_service.go:977.2,984.55 6 0
project_uas/app/service/achievement_service.go:984.55,985.55 1 0
project_uas/app/service/achievement_service.go:985.55,990.4 1 0
project_uas/app/service/achievement_service.go:994.2,995.51 2 0
project_uas/app/service/achievement_service.go:995.51,1000.3 1 0
project_uas/app/service/achievement_service.go:1003.2,1011.98 2 0
project_uas/app/service/achievement_service.go:1011.98,1018.3 2 0
project_uas/app/service/achievement_service.go:1020.2,1024.4 1 0
project_uas/app/service/achievement_service.go:1035.30,1051.34 2 1
project_uas/app/service/achievement_service.go:1051.34,1054.3 2 0
project_uas/app/service/achievement_service.go:1056.2,1056.33 1 1
project_uas/app/service/achievement_service.go:1056.33,1059.3 2 0
project_uas/app/service/achievement_service.go:1061.2,1064.17 3 1
project_uas/app/service/auth_service.go:25.16,31.2 1 1
project_uas/app/service/auth_service.go:37.49,41.42 2 1
project_uas/app/service/auth_service.go:41.42,46.3 1 1
project_uas/app/service/auth_service.go:49.2,50.16 2 1
project_uas/app/service/auth_service.go:50.16,55.3 1 1
project_uas/app/service/auth_service.go:58.2,58.63 1 1
project_uas/app/service/auth_service.go:58.63,63.3 1 1
project_uas/app/service/auth_service.go:66.2,102.4 7 1
project_uas/app/service/auth_service.go:109.51,117.102 4 1
project_uas/app/service/auth_service.go:117.102,119.3 1 0
project_uas/app/service/auth_service.go:121.2,121.32 1 1
project_uas/app/service/auth_service.go:121.32,126.3 1 1
project_uas/app/service/auth_service.go:129.2,130.16 2 0
project_uas/app/service/auth_service.go:130.16,135.3 1 0
project_uas/app/service/auth_service.go:138.2,172.4 7 0
project_uas/app/service/auth_service.go:179.51,184.16 3 1
project_uas/app/service/auth_service.go:184.16,189.3 1 0
project_uas/app/service/auth_service.go:191.2,204.4 2 1
project_uas/app/service/auth_service.go:211.50,214.9 2 1
project_uas/app/service/auth_service.go:214.9,219.3 1 1
project_uas/app/service/auth_service.go:222.2,232.4 2 1
project_uas/app/service/lecturer_service.go:25.20,32.2 1 1
project_uas/app/service/lecturer_service.go:39.63,44.14 3 1
project_uas/app/service/lecturer_service.go:44.14,46.3 1 0
project_uas/app/service/lecturer_service.go:47.2,47.36 1 1
project_uas/app/service/lecturer_service.go:47.36,49.3 1 0
project_uas/app/service/lecturer_service.go:51.2,55.16 3 1
project_uas/app/service/lecturer_service.go:55.16,60.3 1 1
project_uas/app/service/lecturer_service.go:63.2,64.16 2 1
project_uas/app/service/lecturer_service.go:64.16,69.3 1 0
project_uas/app/service/lecturer_service.go:72.2,73.37 2 1
project_uas/app/service/lecturer_service.go:73.37,85.18 3 1
project_uas/app/service/lecturer_service.go:85.18,89.4 3 1
project_uas/app/service/lecturer_service.go:91.3,91.46 1 1
project_uas/app/service/lecturer_service.go:94.2,105.4 2 1
project_uas/app/service/lecturer_service.go:114.67,119.9 3 1
project_uas/app/service/lecturer_service.go:119.9,124.3 1 1
project_uas/app/service/lecturer_service.go:127.2,128.16 2 1
project_uas/app/service/lecturer_service.go:128.16,133.3 1 1
project_uas/app/service/lecturer_service.go:136.2,136.33 1 1
project_uas/app/service/lecturer_service.go:136.33,138.65 2 1
project_uas/app/service/lecturer_service.go:138.65,143.4 1 1
project_uas/app/service/lecturer_service.go:148.2,149.16 2 1
project_uas/app/service/lecturer_service.go:149.16,154.3 1 1
project_uas/app/service/lecturer_service.go:157.2,158.38 2 1
project_uas/app/service/lecturer_service.go:158.38,159.67 1 1
project_uas/app/service/lecturer_service.go:159.67,171.19 3 1
project_uas/app/service/lecturer_service.go:171.19,174.5 2 1
project_uas/app/service/lecturer_service.go:176.4,176.44 1 1
project_uas/app/service/lecturer_service.go:181.2,195.4 2 1
project_uas/app/service/report_service.go:24.18,31.2 1 1
project_uas/app/service/report_service.go:44.59,47.9 2 1
project_uas/app/service/report_service.go:47.9,52.3 1 1
project_uas/app/service/report_service.go:54.2,58.32 3 1
project_uas/app/service/report_service.go:58.32,61.17 2 1
project_uas/app/service/report_service.go:61.17,66.4 1 1
project_uas/app/service/report_service.go:68.3,69.17 2 1
project_uas/app/service/report_service.go:69.17,74.4 1 0
project_uas/app/service/report_service.go:76.8,76.40 1 1
project_uas/app/service/report_service.go:76.40,79.17 2 1
project_uas/app/service/report_service.go:79.17,84.4 1 1
project_uas/app/service/report_service.go:86.3,87.17 2 1
project_uas/app/service/report_service.go:87.17,92.4 1 0
project_uas/app/service/report_service.go:94.8,94.35 1 1
project_uas/app/service/report_service.go:94.35,97.17 2 1
project_uas/app/service/report_service.go:97.17,102.4 1 0
project_uas/app/service/report_service.go:103.8,108.3 1 1
project_uas/app/service/report_service.go:111.2,116.4 2 1
project_uas/app/service/report_service.go:125.62,130.9 3 1
project_uas/app/service/report_service.go:130.9,135.3 1 1
project_uas/app/service/report_service.go:138.2,139.16 2 1
project_uas/app/service/report_service.go:139.16,144.3 1 1
project_uas/app/service/report_service.go:147.2,147.32 1 1
project_uas/app/service/report_service.go:147.32,150.62 2 1
project_uas/app/service/report_service.go:150.62,155.4 1 1
project_uas/app/service/report_service.go:156.8,156.40 1 1
project_uas/app/service/report_service.go:156.40,159.87 2 1
project_uas/app/service/report_service.go:159.87,164.4 1 1
project_uas/app/service/report_service.go:169.2,173.16 3 1
project_uas/app/service/report_service.go:173.16,178.3 1 0
project_uas/app/service/report_service.go:181.2,186.33 4 1
project_uas/app/service/report_service.go:186.33,188.17 2 1
project_uas/app/service/report_service.go:188.17,189.12 1 0
project_uas/app/service/report_service.go:192.3,199.5 1 1
project_uas/app/service/report_service.go:203.2,228.4 2 1
project_uas/app/service/report_service.go:235.109,249.33 10 1
project_uas/app/service/report_service.go:249.33,252.17 2 1
project_uas/app/service/report_service.go:252.17,253.12 1 0
project_uas/app/service/report_service.go:257.3,267.51 5 1
project_uas/app/service/report_service.go:267.51,268.75 1 1
project_uas/app/service/report_service.go:268.75,270.5 1 1
project_uas/app/service/report_service.go:274.3,279.64 4 1
project_uas/app/service/report_service.go:279.64,281.18 2 1
project_uas/app/service/report_service.go:281.18,283.19 2 1
project_uas/app/service/report_service.go:283.19,285.6 1 1
project_uas/app/service/report_service.go:291.2,300.47 3 1
project_uas/app/service/report_service.go:300.47,310.3 2 1
project_uas/app/service/report_service.go:313.2,313.40 1 1
project_uas/app/service/report_service.go:313.40,314.45 1 1
project_uas/app/service/report_service.go:314.45,315.63 1 0
project_uas/app/service/report_service.go:315.63,317.5 1 0
project_uas/app/service/report_service.go:322.2,322.27 1 1
project_uas/app/service/report_service.go:322.27,324.3 1 0
project_uas/app/service/report_service.go:327.2,335.3 1 1
project_uas/app/service/student_service.go:27.19,35.2 1 1
project_uas/app/service/student_service.go:42.61,47.14 3 1
project_uas/app/service/student_service.go:47.14,49.3 1 0
project_uas/app/service/student_service.go:50.2,50.36 1 1
project_uas/app/service/student_service.go:50.36,52.3 1 0
project_uas/app/service/student_service.go:54.2,58.16 3 1
project_uas/app/service/student_service.go:58.16,63.3 1 0
project_uas/app/service/student_service.go:66.2,67.16 2 1
project_uas/app/service/student_service.go:67.16,72.3 1 0
project_uas/app/service/student_service.go:75.2,76.35 2 1
project_uas/app/service/student_service.go:76.35,90.18 3 1
project_uas/app/service/student_service.go:90.18,94.4 3 1
project_uas/app/service/student_service.go:97.3,97.31 1 1
project_uas/app/service/student_service.go:97.31,99.22 2 0
project_uas/app/service/student_service.go:99.22,101.27 2 0
project_uas/app/service/student_service.go:101.27,103.6 1 0
project_uas/app/service/student_service.go:107.3,107.45 1 1
project_uas/app/service/student_service.go:110.2,121.4 2 1
project_uas/app/service/student_service.go:129.61,133.16 3 1
project_uas/app/service/student_service.go:133.16,138.3 1 1
project_uas/app/service/student_service.go:141.2,153.17 3 1
project_uas/app/service/student_service.go:153.17,157.3 3 1
project_uas/app/service/student_service.go:160.2,160.30 1 1
project_uas/app/service/student_service.go:160.30,162.21 2 1
project_uas/app/service/student_service.go:162.21,164.26 2 1
project_uas/app/service/student_service.go:164.26,171.5 1 1
project_uas/app/service/student_service.go:175.2,178.4 1 1
project_uas/app/service/student_service.go:187.69,192.9 3 1
project_uas/app/service/student_service.go:192.9,197.3 1 0
project_uas/app/service/student_service.go:200.2,201.16 2 1
project_uas/app/service/student_service.go:201.16,206.3 1 0
project_uas/app/service/student_service.go:209.2,209.32 1 1
project_uas/app/service/student_service.go:209.32,212.62 2 1
project_uas/app/service/student_service.go:212.62,217.4 1 1
project_uas/app/service/student_service.go:218.8,218.40 1 1
project_uas/app/service/student_service.go:218.40,221.87 2 1
project_uas/app/service/student_service.go:221.87,226.4 1 1
project_uas/app/service/student_service.go:231.2,235.14 4 1
project_uas/app/service/student_service.go:235.14,237.3 1 0
project_uas/app/service/student_service.go:238.2,238.36 1 1
project_uas/app/service/student_service.go:238.36,240.3 1 0
project_uas/app/service/student_service.go:242.2,246.16 3 1
project_uas/app/service/student_service.go:246.16,251.3 1 0
project_uas/app/service/student_service.go:253.2,254.16 2 1
project_uas/app/service/student_service.go:254.16,259.3 1 0
project_uas/app/service/student_service.go:262.2,263.33 2 1
project_uas/app/service/student_service.go:263.33,265.17 2 1
project_uas/app/service/student_service.go:265.17,266.12 1 0
project_uas/app/service/student_service.go:269.3,284.29 2 1
project_uas/app/service/student_service.go:284.29,287.4 2 0
project_uas/app/service/student_service.go:289.3,289.28 1 1
project_uas/app/service/student_service.go:289.28,292.4 2 0
project_uas/app/service/student_service.go:294.3,297.48 3 1
project_uas/app/service/student_service.go:300.2,312.4 2 1
project_uas/app/service/student_service.go:321.57,326.16 3 1
project_uas/app/service/student_service.go:326.16,331.3 1 1
project_uas/app/service/student_service.go:334.2,335.42 2 1
project_uas/app/service/student_service.go:335.42,340.3 1 0
project_uas/app/service/student_service.go:343.2,343.47 1 1
project_uas/app/service/student_service.go:343.47,348.3 1 1
project_uas/app/service/student_service.go:351.2,352.16 2 1
project_uas/app/service/student_service.go:352.16,357.3 1 1
project_uas/app/service/student_service.go:360.2,360.75 1 1
project_uas/app/service/student_service.go:360.75,365.3 1 0
project_uas/app/service/student_service.go:368.2,382.4 2 1
project_uas/app/service/user_service.go:30.16,39.2 1 1
project_uas/app/service/user_service.go:45.54,49.42 2 1
project_uas/app/service/user_service.go:49.42,54.3 1 0
project_uas/app/service/user_service.go:57.2,57.47 1 1
project_uas/app/service/user_service.go:57.47,62.3 1 0
project_uas/app/service/user_service.go:65.2,66.25 2 1
project_uas/app/service/user_service.go:66.25,71.3 1 1
project_uas/app/service/user_service.go:74.2,75.26 2 1
project_uas/app/service/user_service.go:75.26,80.3 1 1
project_uas/app/service/user_service.go:83.2,84.16 2 1
project_uas/app/service/user_service.go:84.16,89.3 1 1
project_uas/app/service/user_service.go:92.2,93.16 2 1
project_uas/app/service/user_service.go:93.16,98.3 1 0
project_uas/app/service/user_service.go:101.2,110.48 2 1
project_uas/app/service/user_service.go:110.48,115.3 1 0
project_uas/app/service/user_service.go:118.2,118.59 1 1
project_uas/app/service/user_service.go:118.59,120.63 1 1
project_uas/app/service/user_service.go:120.63,127.4 2 0
project_uas/app/service/user_service.go:130.3,131.29 2 1
project_uas/app/service/user_service.go:131.29,137.4 2 1
project_uas/app/service/user_service.go:140.3,140.42 1 1
project_uas/app/service/user_service.go:140.42,142.18 2 1
project_uas/app/service/user_service.go:142.18,148.5 2 0
project_uas/app/service/user_service.go:152.3,160.55 2 1
project_uas/app/service/user_service.go:160.55,166.4 2 0
project_uas/app/service/user_service.go:169.2,169.61 1 1
project_uas/app/service/user_service.go:169.61,171.64 1 1
project_uas/app/service/user_service.go:171.64,177.4 2 0
project_uas/app/service/user_service.go:180.3,181.30 2 1
project_uas/app/service/user_service.go:181.30,187.4 2 0
project_uas/app/service/user_service.go:190.3,196.57 2 1
project_uas/app/service/user_service.go:196.57,202.4 2 0
project_uas/app/service/user_service.go:206.2,212.4 2 1
project_uas/app/service/user_service.go:219.52,226.14 4 1
project_uas/app/service/user_service.go:226.14,228.3 1 0
project_uas/app/service/user_service.go:229.2,229.36 1 1
project_uas/app/service/user_service.go:229.36,231.3 1 0
project_uas/app/service/user_service.go:233.2,237.16 3 1
project_uas/app/service/user_service.go:237.16,242.3 1 0
project_uas/app/service/user_service.go:245.2,246.16 2 1
project_uas/app/service/user_service.go:246.16,251.3 1 0
project_uas/app/service/user_service.go:254.2,255.29 2 1
project_uas/app/service/user_service.go:255.29,259.3 3 1
project_uas/app/service/user_service.go:261.2,274.4 3 1
project_uas/app/service/user_service.go:281.55,285.16 3 1
project_uas/app/service/user_service.go:285.16,290.3 1 1
project_uas/app/service/user_service.go:292.2,298.4 3 1
project_uas/app/service/user_service.go:305.54,310.16 3 1
project_uas/app/service/user_service.go:310.16,315.3 1 0
project_uas/app/service/user_service.go:318.2,319.42 2 1
project_uas/app/service/user_service.go:319.42,324.3 1 0
project_uas/app/service/user_service.go:327.2,327.21 1 1
project_uas/app/service/user_service.go:327.21,330.57 2 1
project_uas/app/service/user_service.go:330.57,335.4 1 1
project_uas/app/service/user_service.go:336.3,336.25 1 1
project_uas/app/service/user_service.go:339.2,339.24 1 1
project_uas/app/service/user_service.go:339.24,341.3 1 1
project_uas/app/service/user_service.go:343.2,343.25 1 1
project_uas/app/service/user_service.go:343.25,345.3 1 0
project_uas/app/service/user_service.go:348.2,348.48 1 1
project_uas/app/service/user_service.go:348.48,353.3 1 0
project_uas/app/service/user_service.go:355.2,362.4 3 1
project_uas/app/service/user_service.go:369.54,374.16 3 1
project_uas/app/service/user_service.go:374.16,379.3 1 1
project_uas/app/service/user_service.go:382.2,384.29 2 1
project_uas/app/service/user_service.go:384.29,386.21 2 0
project_uas/app/service/user_service.go:386.21,388.4 1 0
project_uas/app/service/user_service.go:391.2,391.30 1 1
project_uas/app/service/user_service.go:391.30,393.22 2 0
project_uas/app/service/user_service.go:393.22,395.4 1 0
project_uas/app/service/user_service.go:399.2,399.50 1 1
project_uas/app/service/user_service.go:399.50,404.3 1 0
project_uas/app/service/user_service.go:406.2,409.4 1 1
project_uas/app/service/user_service.go:416.54,421.16 3 1
project_uas/app/service/user_service.go:421.16,426.3 1 0
project_uas/app/service/user_service.go:429.2,430.42 2 1
project_uas/app/service/user_service.go:430.42,435.3 1 0
project_uas/app/service/user_service.go:438.2,439.16 2 1
project_uas/app/service/user_service.go:439.16,444.3 1 1
project_uas/app/service/user_service.go:447.2,447.63 1 1
project_uas/app/service/user_service.go:447.63,452.3 1 0
project_uas/app/service/user_service.go:455.2,462.4 3 1
project_uas/app/service/user_service.go:469.96,481.29 2 1
project_uas/app/service/user_service.go:481.29,483.17 2 1
project_uas/app/service/user_service.go:483.17,493.4 1 1
project_uas/app/service/user_service.go:496.2,496.30 1 1
project_uas/app/service/user_service.go:496.30,498.17 2 1
project_uas/app/service/user_service.go:498.17,506.4 1 1
project_uas/app/service/user_service.go:509.2,509.17 1 1
